[2025-08-28 08:23:15,323: INFO: common: yaml_file: config\config.yaml loaded successfully]
[2025-08-28 08:40:21,811: INFO: common: yaml_file: config\config.yaml loaded successfully]
[2025-08-28 08:40:21,815: INFO: common: yaml_file: params.yaml loaded successfully]
[2025-08-28 08:44:21,937: INFO: common: yaml_file: config\config.yaml loaded successfully]
[2025-08-28 08:44:21,939: INFO: common: yaml_file: params.yaml loaded successfully]
[2025-08-28 08:44:21,942: INFO: common: yaml_file: schema.yaml loaded successfully]
[2025-08-28 08:44:23,765: INFO: common: yaml_file: config\config.yaml loaded successfully]
[2025-08-28 08:44:23,779: INFO: common: yaml_file: params.yaml loaded successfully]
[2025-08-28 08:44:23,783: INFO: common: yaml_file: schema.yaml loaded successfully]
[2025-08-28 08:55:51,809: INFO: common: yaml_file: config\config.yaml loaded successfully]
[2025-08-28 08:55:51,814: INFO: common: yaml_file: params.yaml loaded successfully]
[2025-08-28 09:14:44,141: INFO: common: yaml_file: config\config.yaml loaded successfully]
[2025-08-28 09:14:44,145: INFO: common: yaml_file: params.yaml loaded successfully]
[2025-08-28 09:16:32,104: INFO: common: yaml_file: config\config.yaml loaded successfully]
[2025-08-28 09:16:32,107: INFO: common: yaml_file: params.yaml loaded successfully]
[2025-08-28 11:17:09,627: INFO: common: yaml_file: config\config.yaml loaded successfully]
[2025-08-28 11:17:09,636: INFO: common: yaml_file: params.yaml loaded successfully]
[2025-08-28 12:44:29,555: INFO: common: yaml_file: config\config.yaml loaded successfully]
[2025-08-28 12:44:29,568: INFO: common: yaml_file: params.yaml loaded successfully]
[2025-08-28 13:27:19,478: INFO: common: yaml_file: config\config.yaml loaded successfully]
[2025-08-28 13:27:19,482: INFO: common: yaml_file: params.yaml loaded successfully]
[2025-08-28 13:27:48,667: INFO: common: yaml_file: config\config.yaml loaded successfully]
[2025-08-28 13:27:48,673: INFO: common: yaml_file: params.yaml loaded successfully]
[2025-08-28 13:28:32,040: INFO: common: yaml_file: config\config.yaml loaded successfully]
[2025-08-28 13:28:32,045: INFO: common: yaml_file: params.yaml loaded successfully]
[2025-08-28 13:28:35,036: INFO: common: yaml_file: config\config.yaml loaded successfully]
[2025-08-28 13:28:35,039: INFO: common: yaml_file: params.yaml loaded successfully]
[2025-08-28 13:29:30,316: INFO: common: yaml_file: config\config.yaml loaded successfully]
[2025-08-28 13:29:30,318: INFO: common: yaml_file: params.yaml loaded successfully]
[2025-08-28 13:29:49,777: INFO: common: yaml_file: config\config.yaml loaded successfully]
[2025-08-28 13:29:49,780: INFO: common: yaml_file: params.yaml loaded successfully]
[2025-08-29 01:44:39,878: INFO: common: yaml_file: config\config.yaml loaded successfully]
[2025-08-29 01:44:39,896: INFO: common: yaml_file: params.yaml loaded successfully]
[2025-09-03 06:56:11,135: INFO: common: yaml_file: config\config.yaml loaded successfully]
[2025-09-03 06:56:11,152: INFO: common: yaml_file: params.yaml loaded successfully]
[2025-09-03 06:58:21,577: INFO: common: yaml_file: config\config.yaml loaded successfully]
[2025-09-03 06:58:21,583: INFO: common: yaml_file: params.yaml loaded successfully]
[2025-09-03 06:58:21,591: INFO: common: yaml_file: schema.yaml loaded successfully]
[2025-09-03 06:58:21,594: INFO: common: Created directory at: artifacts]
[2025-09-03 06:58:21,599: INFO: common: Created directory at: artifacts/data_ingestion]
[2025-09-03 06:58:24,909: INFO: 1819630040: artifacts/data_ingestion/data.zip download! with the following info: n\Connection: close
Content-Length: 1358075
Cache-Control: max-age=300
Content-Security-Policy: default-src 'none'; style-src 'unsafe-inline'; sandbox
Content-Type: application/zip
ETag: "3aa8cdebcb85a56cfcf99df4900fc165a78b05d0fadb330e4559ee09d943dce6"
Strict-Transport-Security: max-age=31536000
X-Content-Type-Options: nosniff
X-Frame-Options: deny
X-XSS-Protection: 1; mode=block
X-GitHub-Request-Id: BE46:2125BB:44824:10307B:68B8497F
Accept-Ranges: bytes
Date: Wed, 03 Sep 2025 13:58:24 GMT
Via: 1.1 varnish
X-Served-By: cache-jnb7021-JNB
X-Cache: MISS
X-Cache-Hits: 0
X-Timer: S1756907904.061176,VS0,VE313
Vary: Authorization,Accept-Encoding
Access-Control-Allow-Origin: *
Cross-Origin-Resource-Policy: cross-origin
X-Fastly-Request-ID: 052575c38e710d5d32ee0bdb580c6296926c84f9
Expires: Wed, 03 Sep 2025 14:03:24 GMT
Source-Age: 0

]
[2025-09-03 07:11:37,895: INFO: common: yaml_file: config\config.yaml loaded successfully]
[2025-09-03 07:11:37,899: INFO: common: yaml_file: params.yaml loaded successfully]
[2025-09-03 07:11:37,905: INFO: common: yaml_file: schema.yaml loaded successfully]
[2025-09-03 07:11:37,907: INFO: common: Created directory at: artifacts]
[2025-09-03 07:11:37,909: INFO: common: Created directory at: artifacts/data_ingestion]
[2025-09-03 07:11:37,912: INFO: 1819630040: File already exists: ~1326 KB]
[2025-09-03 07:24:32,206: INFO: common: yaml_file: config\config.yaml loaded successfully]
[2025-09-03 07:24:32,210: INFO: common: yaml_file: params.yaml loaded successfully]
[2025-09-03 07:24:32,214: INFO: common: yaml_file: schema.yaml loaded successfully]
[2025-09-03 07:24:32,216: INFO: common: Created directory at: artifacts]
[2025-09-03 07:24:32,219: INFO: common: Created directory at: artifacts/data_validation]
[2025-09-03 07:26:25,239: INFO: common: yaml_file: config\config.yaml loaded successfully]
[2025-09-03 07:26:25,242: INFO: common: yaml_file: params.yaml loaded successfully]
[2025-09-03 07:26:25,247: INFO: common: yaml_file: schema.yaml loaded successfully]
[2025-09-03 07:26:25,248: INFO: common: Created directory at: artifacts]
[2025-09-03 07:26:25,251: INFO: common: Created directory at: artifacts/data_validation]
[2025-09-03 07:28:45,286: INFO: common: yaml_file: config\config.yaml loaded successfully]
[2025-09-03 07:28:45,289: INFO: common: yaml_file: params.yaml loaded successfully]
[2025-09-03 07:28:45,294: INFO: common: yaml_file: schema.yaml loaded successfully]
[2025-09-03 07:28:45,298: INFO: common: Created directory at: artifacts]
[2025-09-03 07:28:45,301: INFO: common: Created directory at: artifacts/data_validation]
[2025-09-03 07:28:48,704: INFO: common: yaml_file: config\config.yaml loaded successfully]
[2025-09-03 07:28:48,711: INFO: common: yaml_file: params.yaml loaded successfully]
[2025-09-03 07:28:48,717: INFO: common: yaml_file: schema.yaml loaded successfully]
[2025-09-03 07:28:48,719: INFO: common: Created directory at: artifacts]
[2025-09-03 07:28:48,722: INFO: common: Created directory at: artifacts/data_validation]
